<?xml version="1.0" encoding="UTF-8"?>
<!-- Generated by org.testng.reporters.JUnitXMLReporter -->
<testsuite ignored="0" hostname="IB-Pune-LAP-358" failures="0" tests="5" name="Open Cart Home Page Test" time="26.138" errors="0" timestamp="29 Aug 2022 09:34:24 GMT">
  <testcase classname="opencart.tests.HomepageTest" name="homePageTitleTest" time="0.072"/>
  <testcase classname="opencart.tests.HomepageTest" name="homePageURLTest" time="0.004"/>
  <testcase classname="opencart.tests.HomepageTest" name="searchTest" time="1.076"/>
  <testcase classname="opencart.tests.HomepageTest" name="searchTest" time="1.041"/>
  <testcase classname="opencart.tests.HomepageTest" name="searchTest" time="0.74"/>
</testsuite> <!-- Open Cart Home Page Test -->
