<?xml version="1.0" encoding="UTF-8"?>
<!-- Generated by org.testng.reporters.JUnitXMLReporter -->
<testsuite ignored="0" hostname="IB-Pune-LAP-358" failures="0" tests="2" name="Open Cart Login Page Test" time="12.636" errors="0" timestamp="29 Aug 2022 09:34:37 GMT">
  <testcase classname="opencart.tests.LoginPageTest" name="loginPageNavigationTest" time="0.931"/>
  <testcase classname="opencart.tests.LoginPageTest" name="appLoginTest" time="1.93"/>
</testsuite> <!-- Open Cart Login Page Test -->
