<?xml version="1.0" encoding="UTF-8"?>
<testng-results ignored="0" total="7" passed="7" failed="0" skipped="0">
  <reporter-output>
  </reporter-output>
  <suite started-at="2022-08-29T09:33:58Z" name="Open Cart Test Regression PW Suite" finished-at="2022-08-29T09:34:37Z" duration-ms="39215">
    <groups>
    </groups>
    <test started-at="2022-08-29T09:33:58Z" name="Open Cart Home Page Test" finished-at="2022-08-29T09:34:24Z" duration-ms="26138">
      <class name="opencart.tests.HomepageTest">
        <test-method is-config="true" signature="setup()[pri:0, instance:opencart.tests.HomepageTest@12299890]" started-at="2022-08-29T09:33:58Z" name="setup" finished-at="2022-08-29T09:34:20Z" duration-ms="22843" status="PASS">
          <reporter-output>
          </reporter-output>
        </test-method> <!-- setup -->
        <test-method signature="homePageTitleTest()[pri:0, instance:opencart.tests.HomepageTest@12299890]" started-at="2022-08-29T09:34:20Z" name="homePageTitleTest" finished-at="2022-08-29T09:34:21Z" duration-ms="72" status="PASS">
          <reporter-output>
          </reporter-output>
        </test-method> <!-- homePageTitleTest -->
        <test-method signature="homePageURLTest()[pri:0, instance:opencart.tests.HomepageTest@12299890]" started-at="2022-08-29T09:34:21Z" name="homePageURLTest" finished-at="2022-08-29T09:34:21Z" duration-ms="4" status="PASS">
          <reporter-output>
          </reporter-output>
        </test-method> <!-- homePageURLTest -->
        <test-method signature="searchTest(java.lang.String)[pri:0, instance:opencart.tests.HomepageTest@12299890]" started-at="2022-08-29T09:34:21Z" name="searchTest" data-provider="getProductData" finished-at="2022-08-29T09:34:22Z" duration-ms="1076" status="PASS">
          <params>
            <param index="0">
              <value>
                <![CDATA[Macbook]]>
              </value>
            </param>
          </params>
          <reporter-output>
          </reporter-output>
        </test-method> <!-- searchTest -->
        <test-method signature="searchTest(java.lang.String)[pri:0, instance:opencart.tests.HomepageTest@12299890]" started-at="2022-08-29T09:34:22Z" name="searchTest" data-provider="getProductData" finished-at="2022-08-29T09:34:23Z" duration-ms="1041" status="PASS">
          <params>
            <param index="0">
              <value>
                <![CDATA[iMac]]>
              </value>
            </param>
          </params>
          <reporter-output>
          </reporter-output>
        </test-method> <!-- searchTest -->
        <test-method signature="searchTest(java.lang.String)[pri:0, instance:opencart.tests.HomepageTest@12299890]" started-at="2022-08-29T09:34:23Z" name="searchTest" data-provider="getProductData" finished-at="2022-08-29T09:34:23Z" duration-ms="740" status="PASS">
          <params>
            <param index="0">
              <value>
                <![CDATA[Samsung]]>
              </value>
            </param>
          </params>
          <reporter-output>
          </reporter-output>
        </test-method> <!-- searchTest -->
        <test-method is-config="true" signature="end()[pri:0, instance:opencart.tests.HomepageTest@12299890]" started-at="2022-08-29T09:34:23Z" name="end" finished-at="2022-08-29T09:34:24Z" duration-ms="250" status="PASS">
          <reporter-output>
          </reporter-output>
        </test-method> <!-- end -->
      </class> <!-- opencart.tests.HomepageTest -->
    </test> <!-- Open Cart Home Page Test -->
    <test started-at="2022-08-29T09:34:24Z" name="Open Cart Login Page Test" finished-at="2022-08-29T09:34:37Z" duration-ms="12636">
      <class name="opencart.tests.LoginPageTest">
        <test-method is-config="true" signature="setup()[pri:0, instance:opencart.tests.LoginPageTest@1e81f160]" started-at="2022-08-29T09:34:24Z" name="setup" finished-at="2022-08-29T09:34:34Z" duration-ms="9515" status="PASS">
          <reporter-output>
          </reporter-output>
        </test-method> <!-- setup -->
        <test-method signature="loginPageNavigationTest()[pri:1, instance:opencart.tests.LoginPageTest@1e81f160]" started-at="2022-08-29T09:34:34Z" name="loginPageNavigationTest" finished-at="2022-08-29T09:34:35Z" duration-ms="931" status="PASS">
          <reporter-output>
          </reporter-output>
        </test-method> <!-- loginPageNavigationTest -->
        <test-method signature="appLoginTest()[pri:2, instance:opencart.tests.LoginPageTest@1e81f160]" started-at="2022-08-29T09:34:35Z" name="appLoginTest" finished-at="2022-08-29T09:34:37Z" duration-ms="1930" status="PASS">
          <reporter-output>
          </reporter-output>
        </test-method> <!-- appLoginTest -->
        <test-method is-config="true" signature="end()[pri:0, instance:opencart.tests.LoginPageTest@1e81f160]" started-at="2022-08-29T09:34:37Z" name="end" finished-at="2022-08-29T09:34:37Z" duration-ms="249" status="PASS">
          <reporter-output>
          </reporter-output>
        </test-method> <!-- end -->
      </class> <!-- opencart.tests.LoginPageTest -->
    </test> <!-- Open Cart Login Page Test -->
  </suite> <!-- Open Cart Test Regression PW Suite -->
</testng-results>
